Opened log file 'c:\ie_object_crash'
*** wait with pending attach
Symbol search path is: SRV**j:\symserver*http://msdl.microsoft.com/download/symbols;symsrv*j:\symserver*http://msdl.microsoft.com/download/symbols
Executable search path is: 
ModLoad: 00400000 00419000   J:\Program Files\Internet Explorer\iexplore.exe
ModLoad: 7c900000 7c9b0000   J:\WINDOWS\system32\ntdll.dll
ModLoad: 7c800000 7c8f4000   J:\WINDOWS\system32\kernel32.dll
ModLoad: 77c10000 77c68000   J:\WINDOWS\system32\msvcrt.dll
ModLoad: 77d40000 77dd0000   J:\WINDOWS\system32\USER32.dll
ModLoad: 77f10000 77f56000   J:\WINDOWS\system32\GDI32.dll
ModLoad: 77f60000 77fd6000   J:\WINDOWS\system32\SHLWAPI.dll
ModLoad: 77dd0000 77e6b000   J:\WINDOWS\system32\ADVAPI32.dll
ModLoad: 77e70000 77f01000   J:\WINDOWS\system32\RPCRT4.dll
ModLoad: 77760000 778cc000   J:\WINDOWS\system32\SHDOCVW.dll
ModLoad: 77a80000 77b14000   J:\WINDOWS\system32\CRYPT32.dll
ModLoad: 77b20000 77b32000   J:\WINDOWS\system32\MSASN1.dll
ModLoad: 754d0000 75550000   J:\WINDOWS\system32\CRYPTUI.dll
ModLoad: 76c30000 76c5e000   J:\WINDOWS\system32\WINTRUST.dll
ModLoad: 76c90000 76cb8000   J:\WINDOWS\system32\IMAGEHLP.dll
ModLoad: 77120000 771ac000   J:\WINDOWS\system32\OLEAUT32.dll
ModLoad: 774e0000 7761d000   J:\WINDOWS\system32\ole32.dll
ModLoad: 5b860000 5b8b4000   J:\WINDOWS\system32\NETAPI32.dll
ModLoad: 771b0000 77256000   J:\WINDOWS\system32\WININET.dll
ModLoad: 76f60000 76f8c000   J:\WINDOWS\system32\WLDAP32.dll
ModLoad: 77c00000 77c08000   J:\WINDOWS\system32\VERSION.dll
ModLoad: 773d0000 774d2000   J:\WINDOWS\WinSxS\x86_Microsoft.Windows.Common-Controls_6595b64144ccf1df_6.0.2600.2180_x-ww_a84f1ff9\comctl32.dll
ModLoad: 7c9c0000 7d1d4000   J:\WINDOWS\system32\SHELL32.dll
ModLoad: 5d090000 5d127000   J:\WINDOWS\system32\comctl32.dll
ModLoad: 5ad70000 5ada8000   J:\WINDOWS\system32\uxtheme.dll
ModLoad: 75f80000 7607d000   J:\WINDOWS\system32\BROWSEUI.dll
ModLoad: 20000000 20012000   J:\WINDOWS\system32\browselc.dll
ModLoad: 77b40000 77b62000   J:\WINDOWS\system32\appHelp.dll
ModLoad: 76fd0000 7704f000   J:\WINDOWS\system32\CLBCATQ.DLL
ModLoad: 77050000 77115000   J:\WINDOWS\system32\COMRes.dll
ModLoad: 77fe0000 77ff1000   J:\WINDOWS\system32\Secur32.dll
ModLoad: 77260000 772fe000   J:\WINDOWS\system32\urlmon.dll
ModLoad: 77a20000 77a74000   J:\WINDOWS\System32\cscui.dll
ModLoad: 76600000 7661d000   J:\WINDOWS\System32\CSCDLL.dll
ModLoad: 77920000 77a13000   J:\WINDOWS\system32\SETUPAPI.dll
ModLoad: 01520000 015a8000   J:\WINDOWS\system32\shdoclc.dll
ModLoad: 015b0000 01875000   J:\WINDOWS\system32\xpsp2res.dll
ModLoad: 75cf0000 75d81000   J:\WINDOWS\system32\mlang.dll
ModLoad: 71ad0000 71ad9000   J:\WINDOWS\system32\wsock32.dll
ModLoad: 71ab0000 71ac7000   J:\WINDOWS\system32\WS2_32.dll
ModLoad: 71aa0000 71aa8000   J:\WINDOWS\system32\WS2HELP.dll
ModLoad: 71a50000 71a8f000   J:\WINDOWS\system32\mswsock.dll
ModLoad: 662b0000 66308000   J:\WINDOWS\system32\hnetcfg.dll
ModLoad: 71a90000 71a98000   J:\WINDOWS\System32\wshtcpip.dll
ModLoad: 76ee0000 76f1c000   J:\WINDOWS\system32\RASAPI32.DLL
ModLoad: 76e90000 76ea2000   J:\WINDOWS\system32\rasman.dll
ModLoad: 76eb0000 76edf000   J:\WINDOWS\system32\TAPI32.dll
ModLoad: 76e80000 76e8e000   J:\WINDOWS\system32\rtutils.dll
ModLoad: 76b40000 76b6d000   J:\WINDOWS\system32\WINMM.dll
ModLoad: 77c70000 77c93000   J:\WINDOWS\system32\msv1_0.dll
ModLoad: 76d60000 76d79000   J:\WINDOWS\system32\iphlpapi.dll
ModLoad: 745e0000 748a6000   J:\WINDOWS\system32\msi.dll
ModLoad: 75e90000 75f40000   J:\WINDOWS\system32\SXS.DLL
ModLoad: 769c0000 76a73000   J:\WINDOWS\system32\USERENV.dll
ModLoad: 0ffd0000 0fff8000   J:\WINDOWS\system32\rsaenh.dll
ModLoad: 76f20000 76f47000   J:\WINDOWS\system32\DNSAPI.dll
ModLoad: 76fb0000 76fb8000   J:\WINDOWS\System32\winrnr.dll
ModLoad: 722b0000 722b5000   J:\WINDOWS\system32\sensapi.dll
ModLoad: 76fc0000 76fc6000   J:\WINDOWS\system32\rasadhlp.dll
ModLoad: 7d4a0000 7d785000   J:\WINDOWS\System32\mshtml.dll
ModLoad: 021d0000 021f7000   J:\WINDOWS\System32\msls31.dll
ModLoad: 02720000 0274a000   J:\WINDOWS\System32\msimtf.dll
ModLoad: 02750000 0279b000   J:\WINDOWS\System32\MSCTF.dll
ModLoad: 76390000 763ad000   J:\WINDOWS\system32\IMM32.DLL
ModLoad: 75c50000 75cbe000   J:\WINDOWS\System32\jscript.dll
ModLoad: 76200000 76271000   J:\WINDOWS\System32\mshtmled.dll
(838.b48): Break instruction exception - code 80000003 (first chance)
eax=7ffda000 ebx=00000001 ecx=00000002 edx=00000003 esi=00000004 edi=00000005
eip=7c901230 esp=01a8ffcc ebp=01a8fff4 iopl=0         nv up ei pl zr na po nc
cs=001b  ss=0023  ds=0023  es=0023  fs=0038  gs=0000             efl=00000246
ntdll!DbgBreakPoint:
7c901230 cc               int     3
0:009> bl
 1 e 773ecaea     0001 (0001)  0:*** comctl32!ComboEx_OnDestroy "kv L 90;dda esp+4 l 5;ddu esp+4 l 5;dds esp+4 l 5;ddp esp+4 l 5;"
 2 eu             0001 (0001)  (75F44412) "kv L 90"
 3 e 7d6f74b6     0001 (0001)  0:*** mshtml!COleSite::GetReadyState "kv L 90;dda esp+4 l 5;ddu esp+4 l 5;dds esp+4 l 5;ddp esp+4 l 5;"
0:009> g
ModLoad: 71b20000 71b32000   J:\WINDOWS\system32\MPR.dll
ModLoad: 75f60000 75f67000   J:\WINDOWS\System32\drprov.dll
ModLoad: 71c10000 71c1e000   J:\WINDOWS\System32\ntlanman.dll
ModLoad: 71cd0000 71ce7000   J:\WINDOWS\System32\NETUI0.dll
ModLoad: 71c90000 71cd0000   J:\WINDOWS\System32\NETUI1.dll
ModLoad: 71c80000 71c87000   J:\WINDOWS\System32\NETRAP.dll
ModLoad: 71bf0000 71c03000   J:\WINDOWS\System32\SAMLIB.dll
ModLoad: 75f70000 75f79000   J:\WINDOWS\System32\davclnt.dll
ModLoad: 73d70000 73d83000   J:\WINDOWS\System32\shgina.dll
ModLoad: 75970000 75a67000   J:\WINDOWS\system32\MSGINA.dll
ModLoad: 76360000 76370000   J:\WINDOWS\system32\WINSTA.dll
ModLoad: 74320000 7435d000   J:\WINDOWS\system32\ODBC32.dll
ModLoad: 763b0000 763f9000   J:\WINDOWS\system32\comdlg32.dll
ModLoad: 02a20000 02a37000   J:\WINDOWS\system32\odbcint.dll
ModLoad: 72d20000 72d29000   J:\WINDOWS\system32\wdmaud.drv
ModLoad: 72d20000 72d29000   J:\WINDOWS\system32\wdmaud.drv
ModLoad: 72d10000 72d18000   J:\WINDOWS\system32\msacm32.drv
ModLoad: 77be0000 77bf5000   J:\WINDOWS\system32\MSACM32.dll
ModLoad: 77bd0000 77bd7000   J:\WINDOWS\system32\midimap.dll
ModLoad: 75130000 75144000   J:\WINDOWS\system32\colbact.DLL
ModLoad: 03880000 03c99000   J:\WINDOWS\system32\nvcpl.dll
ModLoad: 73760000 737a9000   J:\WINDOWS\system32\DDRAW.dll
ModLoad: 73bc0000 73bc6000   J:\WINDOWS\system32\DCIMAN32.dll
ModLoad: 73000000 73026000   J:\WINDOWS\system32\WINSPOOL.DRV
ModLoad: 03ca0000 03e0d000   J:\WINDOWS\System32\quartz.dll
ChildEBP RetAddr  Args to Child              
0013e678 773eccf8 00175088 0013e71c 773ecc5c comctl32!ComboEx_OnDestroy (FPO: [Non-Fpo])
0013e6b4 77d48734 000f0330 00000002 00000000 comctl32!ComboExWndProc+0x9c (FPO: [Non-Fpo])
0013e6e0 77d48816 773ecc5c 000f0330 00000002 USER32!InternalCallWinProc+0x28
0013e748 77d4c63f 00162e98 773ecc5c 000f0330 USER32!UserCallWinProcCheckWow+0x150 (FPO: [Non-Fpo])
0013e778 77d4c665 773ecc5c 000f0330 00000002 USER32!CallWindowProcAorW+0x98 (FPO: [Non-Fpo])
0013e798 75fcfa7f 773ecc5c 000f0330 00000002 USER32!CallWindowProcW+0x1b (FPO: [Non-Fpo])
0013e7c0 77d48734 000f0330 00000002 00000000 BROWSEUI!CAddressEditBox::_ComboExSubclassWndProc+0x146 (FPO: [Non-Fpo])
0013e7ec 77d48816 75fcf939 000f0330 00000002 USER32!InternalCallWinProc+0x28
0013e854 77d4c63f 00162e98 75fcf939 000f0330 USER32!UserCallWinProcCheckWow+0x150 (FPO: [Non-Fpo])
0013e884 77d4c665 75fcf939 000f0330 00000002 USER32!CallWindowProcAorW+0x98 (FPO: [Non-Fpo])
0013e8a4 75fd182a 75fcf939 000f0330 00000002 USER32!CallWindowProcW+0x1b (FPO: [Non-Fpo])
0013e91c 77d48734 000f0330 00000002 00000000 BROWSEUI!CAddressBand::_ComboExWndProc+0x33c (FPO: [Non-Fpo])
0013e948 77d48816 75fd14ee 000f0330 00000002 USER32!InternalCallWinProc+0x28
0013e9b0 77d4b4c0 00162e98 75fd14ee 000f0330 USER32!UserCallWinProcCheckWow+0x150 (FPO: [Non-Fpo])
0013ea04 77d4b50c 00628840 00000002 00000000 USER32!DispatchClientMessage+0xa3 (FPO: [Non-Fpo])
0013ea2c 7c90eae3 0013ea3c 00000018 00628840 USER32!__fnDWORD+0x24 (FPO: [Non-Fpo])
0013ea50 77d4daf6 75fd350a 000f0330 001522c8 ntdll!KiUserCallbackDispatcher+0x13 (FPO: [0,0,0])
0013ea64 75fd08fc 001522c8 00000000 00174e3c USER32!NtUserDestroyWindow+0xc
0013ea78 75fcc4ab 001522c8 00000000 0016be00 BROWSEUI!CAddressBand::CloseDW+0x23 (FPO: [Non-Fpo])
0013eae4 75fcccb2 00174e38 00000003 00000000 BROWSEUI!CBandSite::_ReleaseBandItemData+0x22 (FPO: [Non-Fpo])
0013eafc 75fcce72 0016b818 75fbbfa2 0016b860 BROWSEUI!CBandSite::_DeleteAllBandItems+0x28 (FPO: [0,0,0])
0013eb04 75fbbfa2 0016b860 001638f8 00000000 BROWSEUI!CBandSite::_Close+0x20 (FPO: [0,0,0])
0013eb18 75fc84b4 0016b818 00000000 00000000 BROWSEUI!CInternetToolbar::CloseDW+0x90 (FPO: [Non-Fpo])
0013eb34 75fc855d 00000000 00000001 001638c4 BROWSEUI!CCommonBrowser::_ReleaseToolbarItem+0x2b (FPO: [Non-Fpo])
0013eb4c 75fad887 001638c4 00000001 00000000 BROWSEUI!CCommonBrowser::_CloseAndReleaseToolbars+0x34 (FPO: [Non-Fpo])
0013eb64 75fada1f 00000000 00000000 001638b0 BROWSEUI!CShellBrowser2::_OnConfirmedClose+0x11f (FPO: [0,0,0])
0013eb78 75fae659 00000000 0013ee98 00000000 BROWSEUI!CShellBrowser2::_OnClose+0x102 (FPO: [Non-Fpo])
0013edd8 75fae805 00163750 0013ee98 00163750 BROWSEUI!BrowserThreadProc+0x2f5 (FPO: [Non-Fpo])
0013ee6c 75faeacd 00163750 00163750 00000000 BROWSEUI!BrowserProtectedThreadProc+0x50 (FPO: [Non-Fpo])
0013fef0 777e717e 00163750 00000000 00000000 BROWSEUI!SHOpenFolderWindow+0x22c (FPO: [Non-Fpo])
0013ff10 00402372 001523ba 00020ca0 7c9105c8 SHDOCVW!IEWinMain+0x129 (FPO: [Non-Fpo])
0013ff60 00402444 00400000 00000000 001523ba iexplore!WinMainT+0x2de (FPO: [Non-Fpo])
0013ffc0 7c816d4f 7c9105c8 77c423ac 7ffda000 iexplore!_ModuleEntry+0x99 (FPO: [Non-Fpo])
0013fff0 00000000 00402451 00000000 78746341 kernel32!BaseProcessStart+0x23 (FPO: [Non-Fpo])
0013e680  00175088 "0.."
0013e684  0013e71c ""
0013e688  773ecc5c "..U....$.e."
0013e68c  00000000
0013e690  7ffdf000 "8.."
0013e680  00175088 "..?.B?"
0013e684  0013e71c ""
0013e688  773ecc5c "???.?ü??..????.??..?."
0013e68c  00000000
0013e690  7ffdf000 ".."
0013e680  00175088
0013e684  0013e71c
0013e688  773ecc5c comctl32!ComboExWndProc
0013e68c  00000000
0013e690  7ffdf000
0013e680  00175088 000f0330
0013e684  0013e71c 00000000
0013e688  773ecc5c 8b55ff8b
0013e68c  00000000
0013e690  7ffdf000 0013e738
eax=00000000 ebx=00000001 ecx=77d488da edx=7c90eb94 esi=00175088 edi=00000002
eip=773ecaea esp=0013e67c ebp=0013e6b4 iopl=0         nv up ei pl zr na po cy
cs=001b  ss=0023  ds=0023  es=0023  fs=003b  gs=0000             efl=00000247
comctl32!ComboEx_OnDestroy:
773ecaea 8bff             mov     edi,edi
0:000> kv L 90
ChildEBP RetAddr  Args to Child              
0013e678 773eccf8 00175088 0013e71c 773ecc5c comctl32!ComboEx_OnDestroy (FPO: [Non-Fpo])
0013e6b4 77d48734 000f0330 00000002 00000000 comctl32!ComboExWndProc+0x9c (FPO: [Non-Fpo])
0013e6e0 77d48816 773ecc5c 000f0330 00000002 USER32!InternalCallWinProc+0x28
0013e748 77d4c63f 00162e98 773ecc5c 000f0330 USER32!UserCallWinProcCheckWow+0x150 (FPO: [Non-Fpo])
0013e778 77d4c665 773ecc5c 000f0330 00000002 USER32!CallWindowProcAorW+0x98 (FPO: [Non-Fpo])
0013e798 75fcfa7f 773ecc5c 000f0330 00000002 USER32!CallWindowProcW+0x1b (FPO: [Non-Fpo])
0013e7c0 77d48734 000f0330 00000002 00000000 BROWSEUI!CAddressEditBox::_ComboExSubclassWndProc+0x146 (FPO: [Non-Fpo])
0013e7ec 77d48816 75fcf939 000f0330 00000002 USER32!InternalCallWinProc+0x28
0013e854 77d4c63f 00162e98 75fcf939 000f0330 USER32!UserCallWinProcCheckWow+0x150 (FPO: [Non-Fpo])
0013e884 77d4c665 75fcf939 000f0330 00000002 USER32!CallWindowProcAorW+0x98 (FPO: [Non-Fpo])
0013e8a4 75fd182a 75fcf939 000f0330 00000002 USER32!CallWindowProcW+0x1b (FPO: [Non-Fpo])
0013e91c 77d48734 000f0330 00000002 00000000 BROWSEUI!CAddressBand::_ComboExWndProc+0x33c (FPO: [Non-Fpo])
0013e948 77d48816 75fd14ee 000f0330 00000002 USER32!InternalCallWinProc+0x28
0013e9b0 77d4b4c0 00162e98 75fd14ee 000f0330 USER32!UserCallWinProcCheckWow+0x150 (FPO: [Non-Fpo])
0013ea04 77d4b50c 00628840 00000002 00000000 USER32!DispatchClientMessage+0xa3 (FPO: [Non-Fpo])
0013ea2c 7c90eae3 0013ea3c 00000018 00628840 USER32!__fnDWORD+0x24 (FPO: [Non-Fpo])
0013ea50 77d4daf6 75fd350a 000f0330 001522c8 ntdll!KiUserCallbackDispatcher+0x13 (FPO: [0,0,0])
0013ea64 75fd08fc 001522c8 00000000 00174e3c USER32!NtUserDestroyWindow+0xc
0013ea78 75fcc4ab 001522c8 00000000 0016be00 BROWSEUI!CAddressBand::CloseDW+0x23 (FPO: [Non-Fpo])
0013eae4 75fcccb2 00174e38 00000003 00000000 BROWSEUI!CBandSite::_ReleaseBandItemData+0x22 (FPO: [Non-Fpo])
0013eafc 75fcce72 0016b818 75fbbfa2 0016b860 BROWSEUI!CBandSite::_DeleteAllBandItems+0x28 (FPO: [0,0,0])
0013eb04 75fbbfa2 0016b860 001638f8 00000000 BROWSEUI!CBandSite::_Close+0x20 (FPO: [0,0,0])
0013eb18 75fc84b4 0016b818 00000000 00000000 BROWSEUI!CInternetToolbar::CloseDW+0x90 (FPO: [Non-Fpo])
0013eb34 75fc855d 00000000 00000001 001638c4 BROWSEUI!CCommonBrowser::_ReleaseToolbarItem+0x2b (FPO: [Non-Fpo])
0013eb4c 75fad887 001638c4 00000001 00000000 BROWSEUI!CCommonBrowser::_CloseAndReleaseToolbars+0x34 (FPO: [Non-Fpo])
0013eb64 75fada1f 00000000 00000000 001638b0 BROWSEUI!CShellBrowser2::_OnConfirmedClose+0x11f (FPO: [0,0,0])
0013eb78 75fae659 00000000 0013ee98 00000000 BROWSEUI!CShellBrowser2::_OnClose+0x102 (FPO: [Non-Fpo])
0013edd8 75fae805 00163750 0013ee98 00163750 BROWSEUI!BrowserThreadProc+0x2f5 (FPO: [Non-Fpo])
0013ee6c 75faeacd 00163750 00163750 00000000 BROWSEUI!BrowserProtectedThreadProc+0x50 (FPO: [Non-Fpo])
0013fef0 777e717e 00163750 00000000 00000000 BROWSEUI!SHOpenFolderWindow+0x22c (FPO: [Non-Fpo])
0013ff10 00402372 001523ba 00020ca0 7c9105c8 SHDOCVW!IEWinMain+0x129 (FPO: [Non-Fpo])
0013ff60 00402444 00400000 00000000 001523ba iexplore!WinMainT+0x2de (FPO: [Non-Fpo])
0013ffc0 7c816d4f 7c9105c8 77c423ac 7ffda000 iexplore!_ModuleEntry+0x99 (FPO: [Non-Fpo])
0013fff0 00000000 00402451 00000000 78746341 kernel32!BaseProcessStart+0x23 (FPO: [Non-Fpo])
0:000> g
eax=77c280e4 ebx=00000000 ecx=77c112b0 edx=77c61a70 esi=7c90e88e edi=00000000
eip=7c90eb94 esp=0013fde0 ebp=0013fedc iopl=0         nv up ei pl zr na po nc
cs=001b  ss=0023  ds=0023  es=0023  fs=003b  gs=0000             efl=00000246
ntdll!KiFastSystemCallRet:
7c90eb94 c3               ret
