

crash:  2251





 1 e 773ecaea     0001 (0001)  0:*** comctl32!ComboEx_OnDestroy "kv L 90;dda esp+4 l 5;ddu esp+4 l 5;dds esp+4 l 5;ddp esp+4 l 5;"
 2 eu             0001 (0001)  (75F44412) "kv L 90"
 3 e 7d6f74b6     0001 (0001)  0:*** mshtml!COleSite::GetReadyState "kv L 90;dda esp+4 l 5;ddu esp+4 l 5;dds esp+4 l 5;ddp esp+4 l 5;"
0:011> bp 76409af9 "kv L 90"
0:011> bl
 0 e 76409af9     0001 (0001)  0:*** "kv L 90"
 1 e 773ecaea     0001 (0001)  0:*** comctl32!ComboEx_OnDestroy "kv L 90;dda esp+4 l 5;ddu esp+4 l 5;dds esp+4 l 5;ddp esp+4 l 5;"
 2 eu             0001 (0001)  (75F44412) "kv L 90"
 3 e 7d6f74b6     0001 (0001)  0:*** mshtml!COleSite::GetReadyState "kv L 90;dda esp+4 l 5;ddu esp+4 l 5;dds esp+4 l 5;ddp esp+4 l 5;"
0:011> u 76409af9
76409af9 ??               ???
                ^ Memory access error in 'u 76409af9'
0:011> bc 0
0:011> bu 76409af9 "kv L 90"
0:011> g

ChildEBP RetAddr  Args to Child              
001384cc 7d70cddd 001b7ac0 00000000 00000024 NETSHELL!CConnectionTray::Exec+0x16 (FPO: [Non-Fpo])
001384f4 7d71206b 00000000 00000024 00000000 mshtml!CAnchorElement::EnterTree+0xaf (FPO: [Non-Fpo])
00138530 7d70fe8b 00138548 7d4d2294 018e8c28 mshtml!CBGsound::OnDwnChan+0xaa (FPO: [Non-Fpo])
001385b0 7d712547 00138618 80004005 018e8c24 mshtml!CIEMediaPlayer::SetVolume+0x13 (FPO: [Non-Fpo])
0013a630 7d712f5b 7d4c900c 001859e8 018e8c24 mshtml!CBlockElement::PrivateQueryInterface+0x3e (FPO: [Non-Fpo])
0013a654 7d7137ca 018e8be0 7d4c900c 001859e8 mshtml!CFrameSetSite::GetAAborderColor+0x10 (FPO: [Non-Fpo])
0013a6c4 7d713afa 7d4a1af4 0013a7b4 018e8890 mshtml!CFrameSetSite::SetRowsCols+0xa4 (FPO: [Non-Fpo])
0013a6e4 7d70e889 018e8890 0013a7b4 7d715d34 mshtml!CFrameSetSite::GetBorderInfo+0x68 (FPO: [Non-Fpo])
0013a764 7d715cfe 0013a7b4 018e5dc0 018e89e0 mshtml!CStyleElement::OnPropertyChange+0x16d (FPO: [Non-Fpo])
0013e904 7d6fda53 7d54000d 018e4ad0 002d47f7 mshtml!CMailtoProtocol::ParseAndBind+0x4d6 (FPO: [Non-Fpo])
0013e944 7d508332 018e324c 002d47f7 018e3220 mshtml!CObjectElement::ReplaceParam+0x15d (FPO: [0,0,0])
0013e960 7d5342f5 7d534313 002d47f7 018e4ad0 mshtml!IID_ICustomDoc+0xe
018e4ad0 00000000 00000002 00000002 00000280 mshtml!CElement::ApplyDefaultFormat+0x1ca (FPO: [EBP 0x7d4b9408] [1,41,0])
eax=00000000 ebx=00000000 ecx=00000004 edx=00000000 esi=00000000 edi=76409b18
eip=76409af9 esp=001384c4 ebp=001384cc iopl=0         nv up ei pl zr na po nc
cs=001b  ss=0023  ds=0023  es=0023  fs=003b  gs=0000             efl=00000246
NETSHELL!CConnectionTray::Exec+0x16:
76409af9 f3a7            rep  cmpsd ds:00000000=???????? es:76409b18=000214d2
0:000> u 76409af9-10
NETSHELL!CConnectionTray::Exec+0x6:
76409ae9 8b750c           mov     esi,[ebp+0xc]
76409aec 57               push    edi
76409aed 6a04             push    0x4
76409aef 33c0             xor     eax,eax
76409af1 59               pop     ecx
76409af2 bf189b4076       mov     edi,0x76409b18
76409af7 33d2             xor     edx,edx
76409af9 f3a7             rep     cmpsd
0:000> u 76409af9-20 l 20
NETSHELL!`string'+0xf1:
76409ad9 007d00           add     [ebp],bh
76409adc 0000             add     [eax],al
76409ade 90               nop
76409adf 90               nop
NETSHELL!CBindingsDlg::`vftable':
76409ae0 90               nop
76409ae1 90               nop
76409ae2 90               nop
NETSHELL!CConnectionTray::Exec:
76409ae3 8bff             mov     edi,edi
76409ae5 55               push    ebp
76409ae6 8bec             mov     ebp,esp
76409ae8 56               push    esi
76409ae9 8b750c           mov     esi,[ebp+0xc]
76409aec 57               push    edi
76409aed 6a04             push    0x4
76409aef 33c0             xor     eax,eax
76409af1 59               pop     ecx
76409af2 bf189b4076       mov     edi,0x76409b18
76409af7 33d2             xor     edx,edx
76409af9 f3a7             rep     cmpsd
76409afb 5f               pop     edi
76409afc 5e               pop     esi
76409afd 7513             jnz  NETSHELL!CConnectionTray::Exec+0x3c (76409b12)
76409aff 8b4510           mov     eax,[ebp+0x10]
76409b02 48               dec     eax
76409b03 48               dec     eax
76409b04 0f8500540000     jne  NETSHELL!CConnectionTray::Exec+0x23 (7640ef0a)
76409b0a 8b4d08           mov     ecx,[ebp+0x8]
76409b0d e81b000000 call NETSHELL!CConnectionTray::HrHandleTrayOpen (76409b2d)
76409b12 5d               pop     ebp
76409b13 c21800           ret     0x18
76409b16 90               nop
76409b17 90               nop
0:000> db ebp
001384cc  f4 84 13 00 dd cd 70 7d-c0 7a 1b 00 00 00 00 00  ......p}.z......
001384dc  24 00 00 00 00 00 00 00-1c 85 13 00 00 00 00 00  $...............
001384ec  90 88 8e 01 c0 7a 1b 00-30 85 13 00 6b 20 71 7d  .....z..0...k q}
001384fc  00 00 00 00 24 00 00 00-00 00 00 00 1c 85 13 00  ....$...........
0013850c  00 00 00 00 00 00 00 00-18 86 13 00 90 88 8e 01  ................
0013851c  03 00 00 00 b0 85 13 00-01 00 00 00 32 00 00 00  ............2...
0013852c  90 88 8e 01 b0 85 13 00-8b fe 70 7d 48 85 13 00  ..........p}H...
0013853c  94 22 4d 7d 28 8c 8e 01-90 88 8e 01 32 00 00 00  ."M}(.......2...
0:000> db ebp+0xc
001384d8  00 00 00 00 24 00 00 00-00 00 00 00 1c 85 13 00  ....$...........
001384e8  00 00 00 00 90 88 8e 01-c0 7a 1b 00 30 85 13 00  .........z..0...
001384f8  6b 20 71 7d 00 00 00 00-24 00 00 00 00 00 00 00  k q}....$.......
00138508  1c 85 13 00 00 00 00 00-00 00 00 00 18 86 13 00  ................
00138518  90 88 8e 01 03 00 00 00-b0 85 13 00 01 00 00 00  ................
00138528  32 00 00 00 90 88 8e 01-b0 85 13 00 8b fe 70 7d  2.............p}
00138538  48 85 13 00 94 22 4d 7d-28 8c 8e 01 90 88 8e 01  H...."M}(.......
00138548  32 00 00 00 b0 89 8e 01-90 88 8e 01 00 00 00 00  2...............
0:000> kv L 90
ChildEBP RetAddr  Args to Child              
001384cc 7d70cddd 001b7ac0 00000000 00000024 NETSHELL!CConnectionTray::Exec+0x16 (FPO: [Non-Fpo])
001384f4 7d71206b 00000000 00000024 00000000 mshtml!CAnchorElement::EnterTree+0xaf (FPO: [Non-Fpo])
00138530 7d70fe8b 00138548 7d4d2294 018e8c28 mshtml!CBGsound::OnDwnChan+0xaa (FPO: [Non-Fpo])
001385b0 7d712547 00138618 80004005 018e8c24 mshtml!CIEMediaPlayer::SetVolume+0x13 (FPO: [Non-Fpo])
0013a630 7d712f5b 7d4c900c 001859e8 018e8c24 mshtml!CBlockElement::PrivateQueryInterface+0x3e (FPO: [Non-Fpo])
0013a654 7d7137ca 018e8be0 7d4c900c 001859e8 mshtml!CFrameSetSite::GetAAborderColor+0x10 (FPO: [Non-Fpo])
0013a6c4 7d713afa 7d4a1af4 0013a7b4 018e8890 mshtml!CFrameSetSite::SetRowsCols+0xa4 (FPO: [Non-Fpo])
0013a6e4 7d70e889 018e8890 0013a7b4 7d715d34 mshtml!CFrameSetSite::GetBorderInfo+0x68 (FPO: [Non-Fpo])
0013a764 7d715cfe 0013a7b4 018e5dc0 018e89e0 mshtml!CStyleElement::OnPropertyChange+0x16d (FPO: [Non-Fpo])
0013e904 7d6fda53 7d54000d 018e4ad0 002d47f7 mshtml!CMailtoProtocol::ParseAndBind+0x4d6 (FPO: [Non-Fpo])
0013e944 7d508332 018e324c 002d47f7 018e3220 mshtml!CObjectElement::ReplaceParam+0x15d (FPO: [0,0,0])
0013e960 7d5342f5 7d534313 002d47f7 018e4ad0 mshtml!IID_ICustomDoc+0xe
018e4ad0 00000000 00000002 00000002 00000280 mshtml!CElement::ApplyDefaultFormat+0x1ca (FPO: [EBP 0x7d4b9408] [1,41,0])
0:000> bm /a mshtml!CAnchorElement::EnterTree "kv L 90"
  5: 7d70cd2e mshtml!CAnchorElement::EnterTree
0:000> bp mshtml!CBGsound::OnDwnChan "kv L 90"
0:000> g
ChildEBP RetAddr  Args to Child              
001384cc 7d70cddd 001b7ac0 00000000 00000024 NETSHELL!CConnectionTray::Exec+0x16 (FPO: [Non-Fpo])
001384f4 7d71206b 00000000 00000024 00000000 mshtml!CAnchorElement::EnterTree+0xaf (FPO: [Non-Fpo])
00138530 7d70fe8b 00138548 7d4d2294 018e8c28 mshtml!CBGsound::OnDwnChan+0xaa (FPO: [Non-Fpo])
001385b0 7d712547 00138618 80004005 018e8c24 mshtml!CIEMediaPlayer::SetVolume+0x13 (FPO: [Non-Fpo])
0013a630 7d712f5b 7d4c900c 001859e8 018e8c24 mshtml!CBlockElement::PrivateQueryInterface+0x3e (FPO: [Non-Fpo])
0013a654 7d7137ca 018e8be0 7d4c900c 001859e8 mshtml!CFrameSetSite::GetAAborderColor+0x10 (FPO: [Non-Fpo])
0013a6c4 7d713afa 7d4a1af4 0013a7b4 018e8890 mshtml!CFrameSetSite::SetRowsCols+0xa4 (FPO: [Non-Fpo])
0013a6e4 7d70e889 018e8890 0013a7b4 7d715d34 mshtml!CFrameSetSite::GetBorderInfo+0x68 (FPO: [Non-Fpo])
0013a764 7d715cfe 0013a7b4 018e5dc0 018e89e0 mshtml!CStyleElement::OnPropertyChange+0x16d (FPO: [Non-Fpo])
0013e904 7d6fda53 7d54000d 018e4ad0 002d47f7 mshtml!CMailtoProtocol::ParseAndBind+0x4d6 (FPO: [Non-Fpo])
0013e944 7d508332 018e324c 002d47f7 018e3220 mshtml!CObjectElement::ReplaceParam+0x15d (FPO: [0,0,0])
0013e960 7d5342f5 7d534313 002d47f7 018e4ad0 mshtml!IID_ICustomDoc+0xe
018e4ad0 00000000 00000002 00000002 00000280 mshtml!CElement::ApplyDefaultFormat+0x1ca (FPO: [EBP 0x7d4b9408] [1,41,0])
eax=00000000 ebx=00000000 ecx=00000004 edx=00000000 esi=00000000 edi=76409b18
eip=76409af9 esp=001384c4 ebp=001384cc iopl=0         nv up ei pl zr na po nc
cs=001b  ss=0023  ds=0023  es=0023  fs=003b  gs=0000             efl=00000246
NETSHELL!CConnectionTray::Exec+0x16:
76409af9 f3a7            rep  cmpsd ds:00000000=???????? es:76409b18=000214d2
0:000> kv L 90
ChildEBP RetAddr  Args to Child              
001384cc 7d70cddd 001b7ac0 00000000 00000024 NETSHELL!CConnectionTray::Exec+0x16 (FPO: [Non-Fpo])
001384f4 7d71206b 00000000 00000024 00000000 mshtml!CAnchorElement::EnterTree+0xaf (FPO: [Non-Fpo])
00138530 7d70fe8b 00138548 7d4d2294 018e8c28 mshtml!CBGsound::OnDwnChan+0xaa (FPO: [Non-Fpo])
001385b0 7d712547 00138618 80004005 018e8c24 mshtml!CIEMediaPlayer::SetVolume+0x13 (FPO: [Non-Fpo])
0013a630 7d712f5b 7d4c900c 001859e8 018e8c24 mshtml!CBlockElement::PrivateQueryInterface+0x3e (FPO: [Non-Fpo])
0013a654 7d7137ca 018e8be0 7d4c900c 001859e8 mshtml!CFrameSetSite::GetAAborderColor+0x10 (FPO: [Non-Fpo])
0013a6c4 7d713afa 7d4a1af4 0013a7b4 018e8890 mshtml!CFrameSetSite::SetRowsCols+0xa4 (FPO: [Non-Fpo])
0013a6e4 7d70e889 018e8890 0013a7b4 7d715d34 mshtml!CFrameSetSite::GetBorderInfo+0x68 (FPO: [Non-Fpo])
0013a764 7d715cfe 0013a7b4 018e5dc0 018e89e0 mshtml!CStyleElement::OnPropertyChange+0x16d (FPO: [Non-Fpo])
0013e904 7d6fda53 7d54000d 018e4ad0 002d47f7 mshtml!CMailtoProtocol::ParseAndBind+0x4d6 (FPO: [Non-Fpo])
0013e944 7d508332 018e324c 002d47f7 018e3220 mshtml!CObjectElement::ReplaceParam+0x15d (FPO: [0,0,0])
0013e960 7d5342f5 7d534313 002d47f7 018e4ad0 mshtml!IID_ICustomDoc+0xe
018e4ad0 00000000 00000002 00000002 00000280 mshtml!CElement::ApplyDefaultFormat+0x1ca (FPO: [EBP 0x7d4b9408] [1,41,0])
0:000> g
(8c4.4c4): Access violation - code c0000005 (first chance)
First chance exceptions are reported before any exception handling.
This exception may be expected and handled.
eax=00000000 ebx=00000000 ecx=00000004 edx=00000000 esi=00000000 edi=76409b18
eip=76409af9 esp=001384c4 ebp=001384cc iopl=0         nv up ei pl zr na po nc
cs=001b  ss=0023  ds=0023  es=0023  fs=003b  gs=0000             efl=00010246
NETSHELL!CConnectionTray::Exec+0x16:
76409af9 f3a7            rep  cmpsd ds:00000000=???????? es:76409b18=000214d2
0:000> q
quit:




ChildEBP RetAddr  Args to Child              
001384cc 7d70cddd 001dda78 00000000 00000024 NETSHELL!CConnectionTray::Exec+0x16 (FPO: [Non-Fpo])
001384f4 7d71206b 00000000 00000024 00000000 mshtml!CAnchorElement::EnterTree+0xaf (FPO: [Non-Fpo])
00138530 7d70fe8b 00138548 7d4d2294 01882b78 mshtml!CBGsound::OnDwnChan+0xaa (FPO: [Non-Fpo])
001385b0 7d712547 00138618 80004005 01882b74 mshtml!CIEMediaPlayer::SetVolume+0x13 (FPO: [Non-Fpo])
0013a630 7d712f5b 7d4c900c 001ed038 01882b74 mshtml!CBlockElement::PrivateQueryInterface+0x3e (FPO: [Non-Fpo])
0013a654 7d7137ca 01882b30 7d4c900c 001ed038 mshtml!CFrameSetSite::GetAAborderColor+0x10 (FPO: [Non-Fpo])
0013a6c4 7d713afa 7d4a1af4 0013a7b4 01881f00 mshtml!CFrameSetSite::SetRowsCols+0xa4 (FPO: [Non-Fpo])
0013a6e4 7d70e889 01881f00 0013a7b4 7d715d34 mshtml!CFrameSetSite::GetBorderInfo+0x68 (FPO: [Non-Fpo])
0013a764 7d715cfe 0013a7b4 018f6710 01882930 mshtml!CStyleElement::OnPropertyChange+0x16d (FPO: [Non-Fpo])
0013e904 7d6fda53 7d54000d 018f6650 0043dda5 mshtml!CMailtoProtocol::ParseAndBind+0x4d6 (FPO: [Non-Fpo])
0013e944 7d508332 018f5cec 0043dda5 018f5cc0 mshtml!CObjectElement::ReplaceParam+0x15d (FPO: [0,0,0])
0013e960 7d5342f5 7d534313 0043dda5 018f6650 mshtml!IID_ICustomDoc+0xe
018f6650 00000000 00000002 00000002 00000280 mshtml!CElement::ApplyDefaultFormat+0x1ca (FPO: [EBP 0x7d4b9408] [1,41,0])
eax=00000000 ebx=00000000 ecx=00000004 edx=00000000 esi=00000000 edi=76409b18
eip=76409af9 esp=001384c4 ebp=001384cc iopl=0         nv up ei pl zr na po nc
cs=001b  ss=0023  ds=0023  es=0023  fs=003b  gs=0000             efl=00000246
NETSHELL!CConnectionTray::Exec+0x16:
76409af9 f3a7            rep  cmpsd ds:00000000=???????? es:76409b18=000214d2
0:000> bl
 0 e 76409af9     0001 (0001)  0:*** NETSHELL!CConnectionTray::Exec+0x16 "kv L 90"
 1 e 773ecaea     0001 (0001)  0:*** comctl32!ComboEx_OnDestroy "kv L 90;dda esp+4 l 5;ddu esp+4 l 5;dds esp+4 l 5;ddp esp+4 l 5;"
 2 eu             0001 (0001)  (75F44412) "kv L 90"
 3 e 7d6f74b6     0001 (0001)  0:*** mshtml!COleSite::GetReadyState "kv L 90;dda esp+4 l 5;ddu esp+4 l 5;dds esp+4 l 5;ddp esp+4 l 5;"
 5 e 7d70cd2e     0001 (0001)  0:*** mshtml!CAnchorElement::EnterTree "kv L 90"
0:000> bl
 0 e 76409af9     0001 (0001)  0:*** NETSHELL!CConnectionTray::Exec+0x16 "kv L 90"
 1 e 773ecaea     0001 (0001)  0:*** comctl32!ComboEx_OnDestroy "kv L 90;dda esp+4 l 5;ddu esp+4 l 5;dds esp+4 l 5;ddp esp+4 l 5;"
 2 eu             0001 (0001)  (75F44412) "kv L 90"
 3 e 7d6f74b6     0001 (0001)  0:*** mshtml!COleSite::GetReadyState "kv L 90;dda esp+4 l 5;ddu esp+4 l 5;dds esp+4 l 5;ddp esp+4 l 5;"
 5 e 7d70cd2e     0001 (0001)  0:*** mshtml!CAnchorElement::EnterTree "kv L 90"
0:000> x mshtml!C*Element::Enter*
7d54004a mshtml!CElement::EnterTree = <no type information>
7d6af844 mshtml!CImgElement::EnterTree = <no type information>
7d70cd2e mshtml!CAnchorElement::EnterTree = <no type information>
7d6b83ce mshtml!CSelectElement::EnterTree = <no type information>
7d53cc0e mshtml!CElement::EnterView = <no type information>
0:000> x mshtml!C*Element::*Tree*
7d53a84c mshtml!CElement::PrivateEnterTree = <no type information>
7d54004a mshtml!CElement::EnterTree = <no type information>
7d5401e1 mshtml!CElement::ExitTree = <no type information>
7d70be70 mshtml!CAreaElement::RemoveFromElemTree = <no type information>
7d6af844 mshtml!CImgElement::EnterTree = <no type information>
7d70a87c mshtml!CFormElement::FormEnterTree = <no type information>
7d6b971d mshtml!CSelectElement::ExitTree = <no type information>
7d70cd2e mshtml!CAnchorElement::EnterTree = <no type information>
7d6b83ce mshtml!CSelectElement::EnterTree = <no type information>
7d54408d mshtml!CElement::IsInViewTree = <no type information>
7d70bf64 mshtml!CAreaElement::InsertIntoElemTree = <no type information>
7d53a860 mshtml!CElement::PrivateExitTree = <no type information>
7d53bea3 mshtml!CElement::GetTreeExtent = <no type information>
0:000> bm /a mshtml!C*Element::*Tree* mmm
  6: 7d53a84c mshtml!CElement::PrivateEnterTree
  7: 7d54004a mshtml!CElement::EnterTree
  8: 7d5401e1 mshtml!CElement::ExitTree
  9: 7d70be70 mshtml!CAreaElement::RemoveFromElemTree
 10: 7d6af844 mshtml!CImgElement::EnterTree
 11: 7d70a87c mshtml!CFormElement::FormEnterTree
 12: 7d6b971d mshtml!CSelectElement::ExitTree
breakpoint 5 redefined
  5: 7d70cd2e mshtml!CAnchorElement::EnterTree
 13: 7d6b83ce mshtml!CSelectElement::EnterTree
 14: 7d54408d mshtml!CElement::IsInViewTree
 15: 7d70bf64 mshtml!CAreaElement::InsertIntoElemTree
 16: 7d53a860 mshtml!CElement::PrivateExitTree
 17: 7d53bea3 mshtml!CElement::GetTreeExtent
0:000> g
(a58.a5c): Access violation - code c0000005 (first chance)
First chance exceptions are reported before any exception handling.
This exception may be expected and handled.
eax=00000000 ebx=00000000 ecx=00000004 edx=00000000 esi=00000000 edi=76409b18
eip=76409af9 esp=001384c4 ebp=001384cc iopl=0         nv up ei pl zr na po nc
cs=001b  ss=0023  ds=0023  es=0023  fs=003b  gs=0000             efl=00010246
NETSHELL!CConnectionTray::Exec+0x16:
76409af9 f3a7            rep  cmpsd ds:00000000=???????? es:76409b18=000214d2
0:000> g
(a58.a5c): Access violation - code c0000005 (!!! second chance !!!)
eax=00000000 ebx=00000000 ecx=00000004 edx=00000000 esi=00000000 edi=76409b18
eip=76409af9 esp=001384c4 ebp=001384cc iopl=0         nv up ei pl zr na po nc
cs=001b  ss=0023  ds=0023  es=0023  fs=003b  gs=0000             efl=00000246
NETSHELL!CConnectionTray::Exec+0x16:
76409af9 f3a7            rep  cmpsd ds:00000000=???????? es:76409b18=000214d2
0:000> bl
 0 e 76409af9     0001 (0001)  0:*** NETSHELL!CConnectionTray::Exec+0x16 "kv L 90"
 1 e 773ecaea     0001 (0001)  0:*** comctl32!ComboEx_OnDestroy "kv L 90;dda esp+4 l 5;ddu esp+4 l 5;dds esp+4 l 5;ddp esp+4 l 5;"
 2 eu             0001 (0001)  (75F44412) "kv L 90"
 3 e 7d6f74b6     0001 (0001)  0:*** mshtml!COleSite::GetReadyState "kv L 90;dda esp+4 l 5;ddu esp+4 l 5;dds esp+4 l 5;ddp esp+4 l 5;"
 5 e 7d70cd2e     0001 (0001)  0:*** mshtml!CAnchorElement::EnterTree "kv L 90;dda esp+4 l 5;ddu esp+4 l 5;dds esp+4 l 5;ddp esp+4 l 5;"
 6 e 7d53a84c     0001 (0001)  0:*** mshtml!CElement::PrivateEnterTree "kv L 90;dda esp+4 l 5;ddu esp+4 l 5;dds esp+4 l 5;ddp esp+4 l 5;"
 7 e 7d54004a     0001 (0001)  0:*** mshtml!CElement::EnterTree "kv L 90;dda esp+4 l 5;ddu esp+4 l 5;dds esp+4 l 5;ddp esp+4 l 5;"
 8 e 7d5401e1     0001 (0001)  0:*** mshtml!CElement::ExitTree "kv L 90;dda esp+4 l 5;ddu esp+4 l 5;dds esp+4 l 5;ddp esp+4 l 5;"
 9 e 7d70be70     0001 (0001)  0:*** mshtml!CAreaElement::RemoveFromElemTree "kv L 90;dda esp+4 l 5;ddu esp+4 l 5;dds esp+4 l 5;ddp esp+4 l 5;"
10 e 7d6af844     0001 (0001)  0:*** mshtml!CImgElement::EnterTree "kv L 90;dda esp+4 l 5;ddu esp+4 l 5;dds esp+4 l 5;ddp esp+4 l 5;"
11 e 7d70a87c     0001 (0001)  0:*** mshtml!CFormElement::FormEnterTree "kv L 90;dda esp+4 l 5;ddu esp+4 l 5;dds esp+4 l 5;ddp esp+4 l 5;"
12 e 7d6b971d     0001 (0001)  0:*** mshtml!CSelectElement::ExitTree "kv L 90;dda esp+4 l 5;ddu esp+4 l 5;dds esp+4 l 5;ddp esp+4 l 5;"
13 e 7d6b83ce     0001 (0001)  0:*** mshtml!CSelectElement::EnterTree "kv L 90;dda esp+4 l 5;ddu esp+4 l 5;dds esp+4 l 5;ddp esp+4 l 5;"
14 e 7d54408d     0001 (0001)  0:*** mshtml!CElement::IsInViewTree "kv L 90;dda esp+4 l 5;ddu esp+4 l 5;dds esp+4 l 5;ddp esp+4 l 5;"
15 e 7d70bf64     0001 (0001)  0:*** mshtml!CAreaElement::InsertIntoElemTree "kv L 90;dda esp+4 l 5;ddu esp+4 l 5;dds esp+4 l 5;ddp esp+4 l 5;"
16 e 7d53a860     0001 (0001)  0:*** mshtml!CElement::PrivateExitTree "kv L 90;dda esp+4 l 5;ddu esp+4 l 5;dds esp+4 l 5;ddp esp+4 l 5;"
17 e 7d53bea3     0001 (0001)  0:*** mshtml!CElement::GetTreeExtent "kv L 90;dda esp+4 l 5;ddu esp+4 l 5;dds esp+4 l 5;ddp esp+4 l 5;"
0:000> g
(a58.a5c): Access violation - code c0000005 (first chance)
First chance exceptions are reported before any exception handling.
This exception may be expected and handled.
eax=00000000 ebx=00000000 ecx=00000004 edx=00000000 esi=00000000 edi=76409b18
eip=76409af9 esp=001384c4 ebp=001384cc iopl=0         nv up ei pl zr na po nc
cs=001b  ss=0023  ds=0023  es=0023  fs=003b  gs=0000             efl=00010246
NETSHELL!CConnectionTray::Exec+0x16:
76409af9 f3a7            rep  cmpsd ds:00000000=???????? es:76409b18=000214d2
0:000> q
quit:
